2025-04-06T02:19:39.424+01:00  INFO 22132 --- [monitoringmicroservice] [main] c.a.m.MonitoringmicroserviceApplication  : Starting MonitoringmicroserviceApplication using Java 21.0.6 with PID 22132 (D:\Northumbria University\Advanced programming\Assessment\Adv_programming_assessment\monitoringmicroservice\monitoringmicroservice\target\classes started by pbeln in D:\Northumbria University\Advanced programming\Assessment\Adv_programming_assessment)
2025-04-06T02:19:39.427+01:00 DEBUG 22132 --- [monitoringmicroservice] [main] c.a.m.MonitoringmicroserviceApplication  : Running with Spring Boot v3.4.3, Spring v6.2.3
2025-04-06T02:19:39.428+01:00  INFO 22132 --- [monitoringmicroservice] [main] c.a.m.MonitoringmicroserviceApplication  : No active profile set, falling back to 1 default profile: "default"
2025-04-06T02:19:40.706+01:00  INFO 22132 --- [monitoringmicroservice] [main] .s.d.r.c.RepositoryConfigurationDelegate : Bootstrapping Spring Data JPA repositories in DEFAULT mode.
2025-04-06T02:19:40.782+01:00  INFO 22132 --- [monitoringmicroservice] [main] .s.d.r.c.RepositoryConfigurationDelegate : Finished Spring Data repository scanning in 65 ms. Found 1 JPA repository interface.
2025-04-06T02:19:41.828+01:00  INFO 22132 --- [monitoringmicroservice] [main] o.s.b.w.embedded.tomcat.TomcatWebServer  : Tomcat initialized with port 8081 (http)
2025-04-06T02:19:41.848+01:00  INFO 22132 --- [monitoringmicroservice] [main] o.apache.catalina.core.StandardService   : Starting service [Tomcat]
2025-04-06T02:19:41.849+01:00  INFO 22132 --- [monitoringmicroservice] [main] o.apache.catalina.core.StandardEngine    : Starting Servlet engine: [Apache Tomcat/10.1.36]
2025-04-06T02:19:41.945+01:00  INFO 22132 --- [monitoringmicroservice] [main] o.a.c.c.C.[Tomcat].[localhost].[/]       : Initializing Spring embedded WebApplicationContext
2025-04-06T02:19:41.946+01:00  INFO 22132 --- [monitoringmicroservice] [main] w.s.c.ServletWebServerApplicationContext : Root WebApplicationContext: initialization completed in 2447 ms
2025-04-06T02:19:42.295+01:00  INFO 22132 --- [monitoringmicroservice] [main] o.hibernate.jpa.internal.util.LogHelper  : HHH000204: Processing PersistenceUnitInfo [name: default]
2025-04-06T02:19:42.354+01:00  INFO 22132 --- [monitoringmicroservice] [main] org.hibernate.Version                    : HHH000412: Hibernate ORM core version 6.6.8.Final
2025-04-06T02:19:42.388+01:00  INFO 22132 --- [monitoringmicroservice] [main] o.h.c.internal.RegionFactoryInitiator    : HHH000026: Second-level cache disabled
2025-04-06T02:19:42.776+01:00  INFO 22132 --- [monitoringmicroservice] [main] o.s.o.j.p.SpringPersistenceUnitInfo      : No LoadTimeWeaver setup: ignoring JPA class transformer
2025-04-06T02:19:42.810+01:00  WARN 22132 --- [monitoringmicroservice] [main] com.zaxxer.hikari.HikariConfig           : HikariPool-1 - idleTimeout has been set but has no effect because the pool is operating as a fixed size pool.
2025-04-06T02:19:42.810+01:00  INFO 22132 --- [monitoringmicroservice] [main] com.zaxxer.hikari.HikariDataSource       : HikariPool-1 - Starting...
2025-04-06T02:19:42.968+01:00  INFO 22132 --- [monitoringmicroservice] [main] com.zaxxer.hikari.pool.HikariPool        : HikariPool-1 - Added connection org.sqlite.jdbc4.JDBC4Connection@3b4bd341
2025-04-06T02:19:42.971+01:00  INFO 22132 --- [monitoringmicroservice] [main] com.zaxxer.hikari.HikariDataSource       : HikariPool-1 - Start completed.
2025-04-06T02:19:43.027+01:00  INFO 22132 --- [monitoringmicroservice] [main] org.hibernate.orm.connections.pooling    : HHH10001005: Database info:
	Database JDBC URL [Connecting through datasource 'HikariDataSource (HikariPool-1)']
	Database driver: undefined/unknown
	Database version: 3.47.2
	Autocommit mode: undefined/unknown
	Isolation level: undefined/unknown
	Minimum pool size: undefined/unknown
	Maximum pool size: undefined/unknown
2025-04-06T02:19:43.864+01:00  INFO 22132 --- [monitoringmicroservice] [main] o.h.e.t.j.p.i.JtaPlatformInitiator       : HHH000489: No JTA platform available (set 'hibernate.transaction.jta.platform' to enable JTA platform integration)
2025-04-06T02:19:43.908+01:00 DEBUG 22132 --- [monitoringmicroservice] [main] org.hibernate.SQL                        : create table river_water_quality_records (id varchar(255) not null, alkmgl float, bodmgl float, conduscm float, cusol1mgl float, cusol2ugl float, fesol1ugl float, no2nmgl float, object_id integer, phph float, timestamp TEXT, znsolugl float, primary key (id))
2025-04-06T02:19:43.915+01:00  INFO 22132 --- [monitoringmicroservice] [main] j.LocalContainerEntityManagerFactoryBean : Initialized JPA EntityManagerFactory for persistence unit 'default'
2025-04-06T02:19:44.299+01:00  INFO 22132 --- [monitoringmicroservice] [main] c.a.m.service.WaterReadingService        : Starting CSV file processing...
2025-04-06T02:19:44.303+01:00  INFO 22132 --- [monitoringmicroservice] [ForkJoinPool.commonPool-worker-1] c.a.m.service.WaterReadingService        : Processing file: data/River_Water_Quality_Monitoring.csv
2025-04-06T02:19:44.321+01:00  INFO 22132 --- [monitoringmicroservice] [ForkJoinPool.commonPool-worker-1] c.a.m.service.WaterReadingService        : Inserting record: 1115
2025-04-06T02:19:44.346+01:00  INFO 22132 --- [monitoringmicroservice] [ForkJoinPool.commonPool-worker-1] o.s.b.f.s.DefaultListableBeanFactory     : Creating singleton bean 'transactionManager' in thread "ForkJoinPool.commonPool-worker-1" while other thread holds singleton lock for other beans [waterReadingService, waterReadingController]
2025-04-06T02:19:44.352+01:00  INFO 22132 --- [monitoringmicroservice] [ForkJoinPool.commonPool-worker-1] o.s.b.f.s.DefaultListableBeanFactory     : Creating singleton bean 'platformTransactionManagerCustomizers' in thread "ForkJoinPool.commonPool-worker-1" while other thread holds singleton lock for other beans [waterReadingService, waterReadingController, transactionManager]
2025-04-06T02:19:44.353+01:00  INFO 22132 --- [monitoringmicroservice] [ForkJoinPool.commonPool-worker-1] o.s.b.f.s.DefaultListableBeanFactory     : Creating singleton bean 'org.springframework.boot.autoconfigure.transaction.TransactionManagerCustomizationAutoConfiguration' in thread "ForkJoinPool.commonPool-worker-1" while other thread holds singleton lock for other beans [waterReadingService, waterReadingController, transactionManager, platformTransactionManagerCustomizers]
2025-04-06T02:19:44.356+01:00  INFO 22132 --- [monitoringmicroservice] [ForkJoinPool.commonPool-worker-1] o.s.b.f.s.DefaultListableBeanFactory     : Creating singleton bean 'transactionExecutionListeners' in thread "ForkJoinPool.commonPool-worker-1" while other thread holds singleton lock for other beans [waterReadingService, waterReadingController, transactionManager, platformTransactionManagerCustomizers]
2025-04-06T02:19:44.359+01:00  INFO 22132 --- [monitoringmicroservice] [ForkJoinPool.commonPool-worker-1] o.s.b.f.s.DefaultListableBeanFactory     : Creating singleton bean 'spring.transaction-org.springframework.boot.autoconfigure.transaction.TransactionProperties' in thread "ForkJoinPool.commonPool-worker-1" while other thread holds singleton lock for other beans [waterReadingService, waterReadingController, transactionManager, platformTransactionManagerCustomizers]
2025-04-06T02:19:44.436+01:00 DEBUG 22132 --- [monitoringmicroservice] [ForkJoinPool.commonPool-worker-1] org.hibernate.SQL                        : insert into river_water_quality_records (alkmgl,bodmgl,conduscm,cusol1mgl,cusol2ugl,fesol1ugl,no2nmgl,object_id,phph,timestamp,znsolugl,id) values (?,?,?,?,?,?,?,?,?,?,?,?)
2025-04-06T02:19:44.608+01:00  WARN 22132 --- [monitoringmicroservice] [main] JpaBaseConfiguration$JpaWebConfiguration : spring.jpa.open-in-view is enabled by default. Therefore, database queries may be performed during view rendering. Explicitly configure spring.jpa.open-in-view to disable this warning
2025-04-06T02:19:44.718+01:00  INFO 22132 --- [monitoringmicroservice] [main] o.s.v.b.OptionalValidatorFactoryBean     : Failed to set up a Bean Validation provider: jakarta.validation.NoProviderFoundException: Unable to create a Configuration, because no Jakarta Bean Validation provider could be found. Add a provider like Hibernate Validator (RI) to your classpath.
2025-04-06T02:19:45.491+01:00  INFO 22132 --- [monitoringmicroservice] [main] o.s.b.w.embedded.tomcat.TomcatWebServer  : Tomcat started on port 8081 (http) with context path '/'
2025-04-06T02:19:45.508+01:00  INFO 22132 --- [monitoringmicroservice] [main] c.a.m.MonitoringmicroserviceApplication  : Started MonitoringmicroserviceApplication in 6.742 seconds (process running for 7.301)
2025-04-06T02:20:14.495+01:00  INFO 22132 --- [monitoringmicroservice] [ForkJoinPool.commonPool-worker-1] c.a.m.service.WaterReadingService        : Inserting record: 1147
2025-04-06T02:20:14.500+01:00 DEBUG 22132 --- [monitoringmicroservice] [ForkJoinPool.commonPool-worker-1] org.hibernate.SQL                        : insert into river_water_quality_records (alkmgl,bodmgl,conduscm,cusol1mgl,cusol2ugl,fesol1ugl,no2nmgl,object_id,phph,timestamp,znsolugl,id) values (?,?,?,?,?,?,?,?,?,?,?,?)
2025-04-06T02:59:23.771+01:00  WARN 22132 --- [monitoringmicroservice] [HikariPool-1 housekeeper] com.zaxxer.hikari.pool.HikariPool        : HikariPool-1 - Thread starvation or clock leap detected (housekeeper delta=39m13s525ms350µs300ns).
2025-04-06T02:59:26.241+01:00  INFO 22132 --- [monitoringmicroservice] [ForkJoinPool.commonPool-worker-1] c.a.m.service.WaterReadingService        : Inserting record: 1148
2025-04-06T02:59:26.242+01:00 DEBUG 22132 --- [monitoringmicroservice] [ForkJoinPool.commonPool-worker-1] org.hibernate.SQL                        : insert into river_water_quality_records (alkmgl,bodmgl,conduscm,cusol1mgl,cusol2ugl,fesol1ugl,no2nmgl,object_id,phph,timestamp,znsolugl,id) values (?,?,?,?,?,?,?,?,?,?,?,?)
2025-04-06T02:59:29.950+01:00  INFO 22132 --- [monitoringmicroservice] [SpringApplicationShutdownHook] o.s.b.w.e.tomcat.GracefulShutdown        : Commencing graceful shutdown. Waiting for active requests to complete
2025-04-06T02:59:29.966+01:00  INFO 22132 --- [monitoringmicroservice] [tomcat-shutdown] o.s.b.w.e.tomcat.GracefulShutdown        : Graceful shutdown complete
2025-04-06T02:59:29.969+01:00  INFO 22132 --- [monitoringmicroservice] [SpringApplicationShutdownHook] j.LocalContainerEntityManagerFactoryBean : Closing JPA EntityManagerFactory for persistence unit 'default'
2025-04-06T02:59:29.973+01:00  INFO 22132 --- [monitoringmicroservice] [SpringApplicationShutdownHook] com.zaxxer.hikari.HikariDataSource       : HikariPool-1 - Shutdown initiated...
2025-04-06T02:59:29.975+01:00  INFO 22132 --- [monitoringmicroservice] [SpringApplicationShutdownHook] com.zaxxer.hikari.HikariDataSource       : HikariPool-1 - Shutdown completed.
